<?xml version="1.0" encoding="UTF-8"?>
<!-- Generated by org.testng.reporters.JUnitReportReporter -->
<testsuite skipped="0" hostname="GS-5241" name="apiAutomationeleven.apiTest" tests="1" failures="0" timestamp="03 Jan 2021 13:55:17 GMT" time="18.069" errors="0">
  <testcase name="verifyurl" time="18.069" classname="apiAutomationeleven.apiTest"/>
</testsuite> <!-- apiAutomationeleven.apiTest -->
