<?xml version="1.0" encoding="UTF-8"?>
<!-- Generated by org.testng.reporters.JUnitReportReporter -->
<testsuite skipped="0" hostname="GS-5241" name="api" tests="1" failures="0" timestamp="01 Jan 2021 15:55:44 GMT" time="4.190" errors="0">
  <testcase name="verifyGetUserStatusCode" time="4.190" classname="api"/>
</testsuite> <!-- api -->
